
Starting from:
epoch = 0
batchNum = 0
batchSize = 1

Epoch : 0  BatchNum : 0  Loss : 0.2549239993095398

y_pred:
tensor([[0.4951, 0.5049]], device='cuda:0', grad_fn=<CopySlices>)

labels:
tensor([[1., 0.]], device='cuda:0')


Epoch : 1  BatchNum : 0  Loss : 0.00010829037637449801

y_pred:
tensor([[0.9896, 0.0104]], device='cuda:0', grad_fn=<CopySlices>)

labels:
tensor([[1., 0.]], device='cuda:0')


Epoch : 2  BatchNum : 0  Loss : 6.251485319808125e-05

y_pred:
tensor([[0.9921, 0.0079]], device='cuda:0', grad_fn=<CopySlices>)

labels:
tensor([[1., 0.]], device='cuda:0')


Epoch : 3  BatchNum : 0  Loss : 4.6091212425380945e-05

y_pred:
tensor([[0.9932, 0.0068]], device='cuda:0', grad_fn=<CopySlices>)

labels:
tensor([[1., 0.]], device='cuda:0')


Epoch : 4  BatchNum : 0  Loss : 3.733990160981193e-05

y_pred:
tensor([[0.9939, 0.0061]], device='cuda:0', grad_fn=<CopySlices>)

labels:
tensor([[1., 0.]], device='cuda:0')


Epoch : 5  BatchNum : 0  Loss : 3.1999963539419696e-05

y_pred:
tensor([[0.9943, 0.0057]], device='cuda:0', grad_fn=<CopySlices>)

labels:
tensor([[1., 0.]], device='cuda:0')


Epoch : 6  BatchNum : 0  Loss : 2.8175934858154505e-05

y_pred:
tensor([[0.9947, 0.0053]], device='cuda:0', grad_fn=<CopySlices>)

labels:
tensor([[1., 0.]], device='cuda:0')


Epoch : 7  BatchNum : 0  Loss : 2.5316265237051994e-05

y_pred:
tensor([[0.9950, 0.0050]], device='cuda:0', grad_fn=<CopySlices>)

labels:
tensor([[1., 0.]], device='cuda:0')


Epoch : 8  BatchNum : 0  Loss : 2.3190270439954475e-05

y_pred:
tensor([[0.9952, 0.0048]], device='cuda:0', grad_fn=<CopySlices>)

labels:
tensor([[1., 0.]], device='cuda:0')


Epoch : 9  BatchNum : 0  Loss : 2.150812724721618e-05

y_pred:
tensor([[0.9954, 0.0046]], device='cuda:0', grad_fn=<CopySlices>)

labels:
tensor([[1., 0.]], device='cuda:0')


Epoch : 10  BatchNum : 0  Loss : 2.0153964214841835e-05

y_pred:
tensor([[0.9955, 0.0045]], device='cuda:0', grad_fn=<CopySlices>)

labels:
tensor([[1., 0.]], device='cuda:0')


Epoch : 11  BatchNum : 0  Loss : 1.9094721210421994e-05

y_pred:
tensor([[0.9956, 0.0044]], device='cuda:0', grad_fn=<CopySlices>)

labels:
tensor([[1., 0.]], device='cuda:0')


Epoch : 12  BatchNum : 0  Loss : 1.8214726878795773e-05

y_pred:
tensor([[0.9957, 0.0043]], device='cuda:0', grad_fn=<CopySlices>)

labels:
tensor([[1., 0.]], device='cuda:0')


Epoch : 13  BatchNum : 0  Loss : 1.74639790202491e-05

y_pred:
tensor([[0.9958, 0.0042]], device='cuda:0', grad_fn=<CopySlices>)

labels:
tensor([[1., 0.]], device='cuda:0')


Epoch : 14  BatchNum : 0  Loss : 1.6776837583165616e-05

y_pred:
tensor([[0.9959, 0.0041]], device='cuda:0', grad_fn=<CopySlices>)

labels:
tensor([[1., 0.]], device='cuda:0')


Epoch : 15  BatchNum : 0  Loss : 1.616188819753006e-05

y_pred:
tensor([[0.9960, 0.0040]], device='cuda:0', grad_fn=<CopySlices>)

labels:
tensor([[1., 0.]], device='cuda:0')


Epoch : 16  BatchNum : 0  Loss : 1.5650699424440973e-05

y_pred:
tensor([[0.9960, 0.0040]], device='cuda:0', grad_fn=<CopySlices>)

labels:
tensor([[1., 0.]], device='cuda:0')


Epoch : 17  BatchNum : 0  Loss : 1.5227966287056915e-05

y_pred:
tensor([[0.9961, 0.0039]], device='cuda:0', grad_fn=<CopySlices>)

labels:
tensor([[1., 0.]], device='cuda:0')


Epoch : 18  BatchNum : 0  Loss : 1.4922025911801029e-05

y_pred:
tensor([[0.9961, 0.0039]], device='cuda:0', grad_fn=<CopySlices>)

labels:
tensor([[1., 0.]], device='cuda:0')


Epoch : 19  BatchNum : 0  Loss : 1.4685278983961325e-05

y_pred:
tensor([[0.9962, 0.0038]], device='cuda:0', grad_fn=<CopySlices>)

labels:
tensor([[1., 0.]], device='cuda:0')


Epoch : 20  BatchNum : 0  Loss : 1.4506418665405363e-05

y_pred:
tensor([[0.9962, 0.0038]], device='cuda:0', grad_fn=<CopySlices>)

labels:
tensor([[1., 0.]], device='cuda:0')


Epoch : 21  BatchNum : 0  Loss : 1.4356090105138719e-05

y_pred:
tensor([[0.9962, 0.0038]], device='cuda:0', grad_fn=<CopySlices>)

labels:
tensor([[1., 0.]], device='cuda:0')


Epoch : 22  BatchNum : 0  Loss : 1.4228339750843588e-05

y_pred:
tensor([[0.9962, 0.0038]], device='cuda:0', grad_fn=<CopySlices>)

labels:
tensor([[1., 0.]], device='cuda:0')


Epoch : 23  BatchNum : 0  Loss : 1.4170069334795699e-05

y_pred:
tensor([[0.9962, 0.0038]], device='cuda:0', grad_fn=<CopySlices>)

labels:
tensor([[1., 0.]], device='cuda:0')


Epoch : 24  BatchNum : 0  Loss : 1.4118879335001111e-05

y_pred:
tensor([[0.9962, 0.0038]], device='cuda:0', grad_fn=<CopySlices>)

labels:
tensor([[1., 0.]], device='cuda:0')


Epoch : 25  BatchNum : 0  Loss : 1.4082253983360715e-05

y_pred:
tensor([[0.9962, 0.0038]], device='cuda:0', grad_fn=<CopySlices>)

labels:
tensor([[1., 0.]], device='cuda:0')


Epoch : 26  BatchNum : 0  Loss : 1.4045854186406359e-05

y_pred:
tensor([[0.9963, 0.0037]], device='cuda:0', grad_fn=<CopySlices>)

labels:
tensor([[1., 0.]], device='cuda:0')


Epoch : 27  BatchNum : 0  Loss : 1.4021085917192977e-05

y_pred:
tensor([[0.9963, 0.0037]], device='cuda:0', grad_fn=<CopySlices>)

labels:
tensor([[1., 0.]], device='cuda:0')


Epoch : 28  BatchNum : 0  Loss : 1.3999017028254457e-05

y_pred:
tensor([[0.9963, 0.0037]], device='cuda:0', grad_fn=<CopySlices>)

labels:
tensor([[1., 0.]], device='cuda:0')


Epoch : 29  BatchNum : 0  Loss : 1.3981309166410938e-05

y_pred:
tensor([[0.9963, 0.0037]], device='cuda:0', grad_fn=<CopySlices>)

labels:
tensor([[1., 0.]], device='cuda:0')


Epoch : 30  BatchNum : 0  Loss : 1.396907555317739e-05

y_pred:
tensor([[0.9963, 0.0037]], device='cuda:0', grad_fn=<CopySlices>)

labels:
tensor([[1., 0.]], device='cuda:0')



Exiting...
