Model: AdaBoost Classifier
Data matrix: Bag of Words

ROC_AUC scores for the test split:
ROC_AUC score for harsh: 0.9232390941259782
ROC_AUC score for extremely_harsh: 0.9605639608185432
ROC_AUC score for vulgar: 0.9481242983599983
ROC_AUC score for threatening: 0.9650332979786647
ROC_AUC score for disrespect: 0.9386225047653458
ROC_AUC score for targeted_hate: 0.9002655067224044

Mean ROC_AUC_score: 0.9393081104618224

Accuracy and f1 scores for the entire training data:
Accuracy score for harsh: 0.0957821819850267
F1 score for harsh: 0.17481974713535817
Accuracy score for extremely_harsh: 0.010261976969303595
F1 score for extremely_harsh: 0.020315476981700564
Accuracy score for vulgar: 0.05306684273548271
F1 score for vulgar: 0.1007853264046078
Accuracy score for threatening: 0.002999138307277387
F1 score for threatening: 0.00598034074553427
Accuracy score for disrespect: 0.04915005763269508
F1 score for disrespect: 0.0936950005866604
Accuracy score for targeted_hate: 0.008975033292673374
F1 score for targeted_hate: 0.017790397178380896

