Model: AdaBoost Classifier
Data matrix: Paragraph Vector - Distributed Memory

ROC_AUC scores for the test split:
ROC_AUC score for harsh: 0.9035369446009262
ROC_AUC score for extremely_harsh: 0.913236441895156
ROC_AUC score for vulgar: 0.9175037692956893
ROC_AUC score for threatening: 0.891239776041773
ROC_AUC score for disrespect: 0.9125070528171344
ROC_AUC score for targeted_hate: 0.9031644812483801

Mean ROC_AUC_score: 0.9068647443165099

Accuracy and f1 scores for the entire training data:
Accuracy score for harsh: 0.0957821819850267
F1 score for harsh: 0.17481974713535817
Accuracy score for extremely_harsh: 0.010261976969303595
F1 score for extremely_harsh: 0.020315476981700564
Accuracy score for vulgar: 0.05306684273548271
F1 score for vulgar: 0.1007853264046078
Accuracy score for threatening: 0.002999138307277387
F1 score for threatening: 0.00598034074553427
Accuracy score for disrespect: 0.04915005763269508
F1 score for disrespect: 0.0936950005866604
Accuracy score for targeted_hate: 0.008975033292673374
F1 score for targeted_hate: 0.017790397178380896

